<?xml version="1.0" encoding="UTF-8"?>
<!-- Generated by org.testng.reporters.JUnitXMLReporter -->
<testsuite hostname="DESKTOP-E8O95M6" name="执行Class" tests="6" failures="0" timestamp="23 Nov 2020 08:01:38 GMT" time="0.237" errors="0">
  <testcase name="" time="0.054" classname="test.test.TestClass"/>
  <testcase name="" time="0.002" classname="test.test.TestClass"/>
  <testcase name="testtes1" time="0.004" classname="test.test.TestMethods"/>
  <testcase name="testtes2" time="0.003" classname="test.test.TestMethods"/>
  <testcase name="testA" time="0.003" classname="test.test.TestTTTT"/>
  <testcase name="testB" time="0.003" classname="test.test.TestTTTT"/>
</testsuite> <!-- 执行Class -->
