<?xml version="1.0" encoding="UTF-8"?>
<!-- Generated by org.testng.reporters.JUnitXMLReporter -->
<testsuite hostname="DESKTOP-E8O95M6" name="执行Class" tests="5" failures="0" timestamp="24 Nov 2020 01:56:50 GMT" time="0.188" errors="0">
  <testcase name="" time="0.062" classname="test.test.TestClass"/>
  <testcase name="" time="0.0" classname="test.test.TestClass"/>
  <testcase name="testtes1" time="0.0" classname="test.test.TestMethods"/>
  <testcase name="testtes2" time="0.0" classname="test.test.TestMethods"/>
  <testcase name="testA" time="0.0" classname="test.test.TestTTTT"/>
</testsuite> <!-- 执行Class -->
