<?xml version="1.0" encoding="UTF-8"?>
<!-- Generated by org.testng.reporters.JUnitXMLReporter -->
<testsuite hostname="DESKTOP-E8O95M6" name="执行Class2" tests="4" failures="0" timestamp="24 Nov 2020 01:56:50 GMT" time="0.032" errors="0">
  <testcase name="" time="0.016" classname="test.test.TestClass"/>
  <testcase name="" time="0.0" classname="test.test.TestClass"/>
  <testcase name="testA" time="0.0" classname="test.test.TestTTTT"/>
  <testcase name="testB" time="0.0" classname="test.test.TestTTTT"/>
</testsuite> <!-- 执行Class2 -->
