<?xml version="1.0" encoding="UTF-8"?>
<testng-results skipped="0" failed="0" total="8" passed="8">
  <reporter-output>
  </reporter-output>
  <suite name="Default suite" duration-ms="217" started-at="2020-11-24T02:39:28Z" finished-at="2020-11-24T02:39:28Z">
    <groups>
    </groups>
    <test name="Default test" duration-ms="217" started-at="2020-11-24T02:39:28Z" finished-at="2020-11-24T02:39:28Z">
      <class name="test.test.TestFZ">
        <test-method status="PASS" signature="testfz()[pri:0, instance:test.test.TestFZ@4b41dd5c]" name="testfz" duration-ms="58" started-at="2020-11-24T10:39:28Z" finished-at="2020-11-24T10:39:28Z">
          <reporter-output>
          </reporter-output>
        </test-method> <!-- testfz -->
        <test-method status="PASS" signature="testfz()[pri:0, instance:test.test.TestFZ@4b41dd5c]" name="testfz" duration-ms="2" started-at="2020-11-24T10:39:28Z" finished-at="2020-11-24T10:39:28Z">
          <reporter-output>
          </reporter-output>
        </test-method> <!-- testfz -->
        <test-method status="PASS" signature="testfz()[pri:0, instance:test.test.TestFZ@4b41dd5c]" name="testfz" duration-ms="3" started-at="2020-11-24T10:39:28Z" finished-at="2020-11-24T10:39:28Z">
          <reporter-output>
          </reporter-output>
        </test-method> <!-- testfz -->
        <test-method status="PASS" signature="testfz()[pri:0, instance:test.test.TestFZ@4b41dd5c]" name="testfz" duration-ms="3" started-at="2020-11-24T10:39:28Z" finished-at="2020-11-24T10:39:28Z">
          <reporter-output>
          </reporter-output>
        </test-method> <!-- testfz -->
        <test-method status="PASS" signature="testfz()[pri:0, instance:test.test.TestFZ@4b41dd5c]" name="testfz" duration-ms="31" started-at="2020-11-24T10:39:28Z" finished-at="2020-11-24T10:39:28Z">
          <reporter-output>
          </reporter-output>
        </test-method> <!-- testfz -->
        <test-method status="PASS" signature="testfz()[pri:0, instance:test.test.TestFZ@4b41dd5c]" name="testfz" duration-ms="2" started-at="2020-11-24T10:39:28Z" finished-at="2020-11-24T10:39:28Z">
          <reporter-output>
          </reporter-output>
        </test-method> <!-- testfz -->
        <test-method status="PASS" signature="testfz()[pri:0, instance:test.test.TestFZ@4b41dd5c]" name="testfz" duration-ms="3" started-at="2020-11-24T10:39:28Z" finished-at="2020-11-24T10:39:28Z">
          <reporter-output>
          </reporter-output>
        </test-method> <!-- testfz -->
        <test-method status="PASS" signature="testfz()[pri:0, instance:test.test.TestFZ@4b41dd5c]" name="testfz" duration-ms="3" started-at="2020-11-24T10:39:28Z" finished-at="2020-11-24T10:39:28Z">
          <reporter-output>
          </reporter-output>
        </test-method> <!-- testfz -->
      </class> <!-- test.test.TestFZ -->
    </test> <!-- Default test -->
  </suite> <!-- Default suite -->
</testng-results>
